{"message":"unresolved import `rand_core`","code":{"code":"E0432","explanation":"An import was unresolved.\n\nErroneous code example:\n\n```compile_fail,E0432\nuse something::Foo; // error: unresolved import `something::Foo`.\n```\n\nIn Rust 2015, paths in `use` statements are relative to the crate root. To\nimport items relative to the current and parent modules, use the `self::` and\n`super::` prefixes, respectively.\n\nIn Rust 2018 or later, paths in `use` statements are relative to the current\nmodule unless they begin with the name of a crate or a literal `crate::`, in\nwhich case they start from the crate root. As in Rust 2015 code, the `self::`\nand `super::` prefixes refer to the current and parent modules respectively.\n\nAlso verify that you didn't misspell the import name and that the import exists\nin the module from where you tried to import it. Example:\n\n```\nuse self::something::Foo; // Ok.\n\nmod something {\n    pub struct Foo;\n}\n# fn main() {}\n```\n\nIf you tried to use a module from an external crate and are using Rust 2015,\nyou may have missed the `extern crate` declaration (which is usually placed in\nthe crate root):\n\n```edition2015\nextern crate core; // Required to use the `core` crate in Rust 2015.\n\nuse core::any;\n# fn main() {}\n```\n\nSince Rust 2018 the `extern crate` declaration is not required and\nyou can instead just `use` it:\n\n```edition2018\nuse core::any; // No extern crate required in Rust 2018.\n# fn main() {}\n```\n"},"level":"error","spans":[{"file_name":"src/main.rs","byte_start":63,"byte_end":72,"line_start":2,"line_end":2,"column_start":5,"column_end":14,"is_primary":true,"text":[{"text":"use rand_core::OsRng;","highlight_start":5,"highlight_end":14}],"label":"use of undeclared crate or module `rand_core`","suggested_replacement":null,"suggestion_applicability":null,"expansion":null}],"children":[],"rendered":"\u001b[0m\u001b[1m\u001b[38;5;9merror[E0432]\u001b[0m\u001b[0m\u001b[1m: unresolved import `rand_core`\u001b[0m\n\u001b[0m \u001b[0m\u001b[0m\u001b[1m\u001b[38;5;12m--> \u001b[0m\u001b[0msrc/main.rs:2:5\u001b[0m\n\u001b[0m  \u001b[0m\u001b[0m\u001b[1m\u001b[38;5;12m|\u001b[0m\n\u001b[0m\u001b[1m\u001b[38;5;12m2\u001b[0m\u001b[0m \u001b[0m\u001b[0m\u001b[1m\u001b[38;5;12m|\u001b[0m\u001b[0m \u001b[0m\u001b[0muse rand_core::OsRng;\u001b[0m\n\u001b[0m  \u001b[0m\u001b[0m\u001b[1m\u001b[38;5;12m| \u001b[0m\u001b[0m    \u001b[0m\u001b[0m\u001b[1m\u001b[38;5;9m^^^^^^^^^\u001b[0m\u001b[0m \u001b[0m\u001b[0m\u001b[1m\u001b[38;5;9muse of undeclared crate or module `rand_core`\u001b[0m\n\n"}
{"message":"unused import: `Scalar`","code":{"code":"unused_imports","explanation":null},"level":"warning","spans":[{"file_name":"src/main.rs","byte_start":50,"byte_end":56,"line_start":1,"line_end":1,"column_start":51,"column_end":57,"is_primary":true,"text":[{"text":"use k256::{ProjectivePoint, PublicKey, SecretKey, Scalar};","highlight_start":51,"highlight_end":57}],"label":null,"suggested_replacement":null,"suggestion_applicability":null,"expansion":null}],"children":[{"message":"`#[warn(unused_imports)]` on by default","code":null,"level":"note","spans":[],"children":[],"rendered":null},{"message":"remove the unused import","code":null,"level":"help","spans":[{"file_name":"src/main.rs","byte_start":48,"byte_end":56,"line_start":1,"line_end":1,"column_start":49,"column_end":57,"is_primary":true,"text":[{"text":"use k256::{ProjectivePoint, PublicKey, SecretKey, Scalar};","highlight_start":49,"highlight_end":57}],"label":null,"suggested_replacement":"","suggestion_applicability":"MachineApplicable","expansion":null}],"children":[],"rendered":null}],"rendered":"\u001b[0m\u001b[1m\u001b[33mwarning\u001b[0m\u001b[0m\u001b[1m: unused import: `Scalar`\u001b[0m\n\u001b[0m \u001b[0m\u001b[0m\u001b[1m\u001b[38;5;12m--> \u001b[0m\u001b[0msrc/main.rs:1:51\u001b[0m\n\u001b[0m  \u001b[0m\u001b[0m\u001b[1m\u001b[38;5;12m|\u001b[0m\n\u001b[0m\u001b[1m\u001b[38;5;12m1\u001b[0m\u001b[0m \u001b[0m\u001b[0m\u001b[1m\u001b[38;5;12m|\u001b[0m\u001b[0m \u001b[0m\u001b[0muse k256::{ProjectivePoint, PublicKey, SecretKey, Scalar};\u001b[0m\n\u001b[0m  \u001b[0m\u001b[0m\u001b[1m\u001b[38;5;12m| \u001b[0m\u001b[0m                                                  \u001b[0m\u001b[0m\u001b[1m\u001b[33m^^^^^^\u001b[0m\n\u001b[0m  \u001b[0m\u001b[0m\u001b[1m\u001b[38;5;12m|\u001b[0m\n\u001b[0m  \u001b[0m\u001b[0m\u001b[1m\u001b[38;5;12m= \u001b[0m\u001b[0m\u001b[1mnote\u001b[0m\u001b[0m: `#[warn(unused_imports)]` on by default\u001b[0m\n\n"}
{"message":"the trait bound `k256::elliptic_curve::PublicKey<Secp256k1>: From<&SecretKey<Secp256k1>>` is not satisfied","code":{"code":"E0277","explanation":"You tried to use a type which doesn't implement some trait in a place which\nexpected that trait.\n\nErroneous code example:\n\n```compile_fail,E0277\n// here we declare the Foo trait with a bar method\ntrait Foo {\n    fn bar(&self);\n}\n\n// we now declare a function which takes an object implementing the Foo trait\nfn some_func<T: Foo>(foo: T) {\n    foo.bar();\n}\n\nfn main() {\n    // we now call the method with the i32 type, which doesn't implement\n    // the Foo trait\n    some_func(5i32); // error: the trait bound `i32 : Foo` is not satisfied\n}\n```\n\nIn order to fix this error, verify that the type you're using does implement\nthe trait. Example:\n\n```\ntrait Foo {\n    fn bar(&self);\n}\n\n// we implement the trait on the i32 type\nimpl Foo for i32 {\n    fn bar(&self) {}\n}\n\nfn some_func<T: Foo>(foo: T) {\n    foo.bar(); // we can now use this method since i32 implements the\n               // Foo trait\n}\n\nfn main() {\n    some_func(5i32); // ok!\n}\n```\n\nOr in a generic context, an erroneous code example would look like:\n\n```compile_fail,E0277\nfn some_func<T>(foo: T) {\n    println!(\"{:?}\", foo); // error: the trait `core::fmt::Debug` is not\n                           //        implemented for the type `T`\n}\n\nfn main() {\n    // We now call the method with the i32 type,\n    // which *does* implement the Debug trait.\n    some_func(5i32);\n}\n```\n\nNote that the error here is in the definition of the generic function. Although\nwe only call it with a parameter that does implement `Debug`, the compiler\nstill rejects the function. It must work with all possible input types. In\norder to make this example compile, we need to restrict the generic type we're\naccepting:\n\n```\nuse std::fmt;\n\n// Restrict the input type to types that implement Debug.\nfn some_func<T: fmt::Debug>(foo: T) {\n    println!(\"{:?}\", foo);\n}\n\nfn main() {\n    // Calling the method is still fine, as i32 implements Debug.\n    some_func(5i32);\n\n    // This would fail to compile now:\n    // struct WithoutDebug;\n    // some_func(WithoutDebug);\n}\n```\n\nRust only looks at the signature of the called function, as such it must\nalready specify all requirements that will be used for every type parameter.\n"},"level":"error","spans":[{"file_name":"src/main.rs","byte_start":236,"byte_end":239,"line_start":7,"line_end":7,"column_start":30,"column_end":33,"is_primary":true,"text":[{"text":"    let pk = PublicKey::from(&sk);","highlight_start":30,"highlight_end":33}],"label":"the trait `From<&SecretKey<Secp256k1>>` is not implemented for `k256::elliptic_curve::PublicKey<Secp256k1>`","suggested_replacement":null,"suggestion_applicability":null,"expansion":null},{"file_name":"src/main.rs","byte_start":220,"byte_end":235,"line_start":7,"line_end":7,"column_start":14,"column_end":29,"is_primary":false,"text":[{"text":"    let pk = PublicKey::from(&sk);","highlight_start":14,"highlight_end":29}],"label":"required by a bound introduced by this call","suggested_replacement":null,"suggestion_applicability":null,"expansion":null}],"children":[{"message":"the following other types implement trait `From<T>`:\n  <k256::elliptic_curve::PublicKey<Secp256k1> as From<&VerifyingKey>>\n  <k256::elliptic_curve::PublicKey<Secp256k1> as From<VerifyingKey>>","code":null,"level":"help","spans":[],"children":[],"rendered":null}],"rendered":"\u001b[0m\u001b[1m\u001b[38;5;9merror[E0277]\u001b[0m\u001b[0m\u001b[1m: the trait bound `k256::elliptic_curve::PublicKey<Secp256k1>: From<&SecretKey<Secp256k1>>` is not satisfied\u001b[0m\n\u001b[0m \u001b[0m\u001b[0m\u001b[1m\u001b[38;5;12m--> \u001b[0m\u001b[0msrc/main.rs:7:30\u001b[0m\n\u001b[0m  \u001b[0m\u001b[0m\u001b[1m\u001b[38;5;12m|\u001b[0m\n\u001b[0m\u001b[1m\u001b[38;5;12m7\u001b[0m\u001b[0m \u001b[0m\u001b[0m\u001b[1m\u001b[38;5;12m|\u001b[0m\u001b[0m \u001b[0m\u001b[0m    let pk = PublicKey::from(&sk);\u001b[0m\n\u001b[0m  \u001b[0m\u001b[0m\u001b[1m\u001b[38;5;12m| \u001b[0m\u001b[0m             \u001b[0m\u001b[0m\u001b[1m\u001b[38;5;12m---------------\u001b[0m\u001b[0m \u001b[0m\u001b[0m\u001b[1m\u001b[38;5;9m^^^\u001b[0m\u001b[0m \u001b[0m\u001b[0m\u001b[1m\u001b[38;5;9mthe trait `From<&SecretKey<Secp256k1>>` is not implemented for `k256::elliptic_curve::PublicKey<Secp256k1>`\u001b[0m\n\u001b[0m  \u001b[0m\u001b[0m\u001b[1m\u001b[38;5;12m| \u001b[0m\u001b[0m             \u001b[0m\u001b[0m\u001b[1m\u001b[38;5;12m|\u001b[0m\n\u001b[0m  \u001b[0m\u001b[0m\u001b[1m\u001b[38;5;12m| \u001b[0m\u001b[0m             \u001b[0m\u001b[0m\u001b[1m\u001b[38;5;12mrequired by a bound introduced by this call\u001b[0m\n\u001b[0m  \u001b[0m\u001b[0m\u001b[1m\u001b[38;5;12m|\u001b[0m\n\u001b[0m  \u001b[0m\u001b[0m\u001b[1m\u001b[38;5;12m= \u001b[0m\u001b[0m\u001b[1mhelp\u001b[0m\u001b[0m: the following other types implement trait `From<T>`:\u001b[0m\n\u001b[0m            <k256::elliptic_curve::PublicKey<Secp256k1> as From<&VerifyingKey>>\u001b[0m\n\u001b[0m            <k256::elliptic_curve::PublicKey<Secp256k1> as From<VerifyingKey>>\u001b[0m\n\n"}
{"message":"the trait bound `k256::elliptic_curve::PublicKey<Secp256k1>: From<&SecretKey<Secp256k1>>` is not satisfied","code":{"code":"E0277","explanation":"You tried to use a type which doesn't implement some trait in a place which\nexpected that trait.\n\nErroneous code example:\n\n```compile_fail,E0277\n// here we declare the Foo trait with a bar method\ntrait Foo {\n    fn bar(&self);\n}\n\n// we now declare a function which takes an object implementing the Foo trait\nfn some_func<T: Foo>(foo: T) {\n    foo.bar();\n}\n\nfn main() {\n    // we now call the method with the i32 type, which doesn't implement\n    // the Foo trait\n    some_func(5i32); // error: the trait bound `i32 : Foo` is not satisfied\n}\n```\n\nIn order to fix this error, verify that the type you're using does implement\nthe trait. Example:\n\n```\ntrait Foo {\n    fn bar(&self);\n}\n\n// we implement the trait on the i32 type\nimpl Foo for i32 {\n    fn bar(&self) {}\n}\n\nfn some_func<T: Foo>(foo: T) {\n    foo.bar(); // we can now use this method since i32 implements the\n               // Foo trait\n}\n\nfn main() {\n    some_func(5i32); // ok!\n}\n```\n\nOr in a generic context, an erroneous code example would look like:\n\n```compile_fail,E0277\nfn some_func<T>(foo: T) {\n    println!(\"{:?}\", foo); // error: the trait `core::fmt::Debug` is not\n                           //        implemented for the type `T`\n}\n\nfn main() {\n    // We now call the method with the i32 type,\n    // which *does* implement the Debug trait.\n    some_func(5i32);\n}\n```\n\nNote that the error here is in the definition of the generic function. Although\nwe only call it with a parameter that does implement `Debug`, the compiler\nstill rejects the function. It must work with all possible input types. In\norder to make this example compile, we need to restrict the generic type we're\naccepting:\n\n```\nuse std::fmt;\n\n// Restrict the input type to types that implement Debug.\nfn some_func<T: fmt::Debug>(foo: T) {\n    println!(\"{:?}\", foo);\n}\n\nfn main() {\n    // Calling the method is still fine, as i32 implements Debug.\n    some_func(5i32);\n\n    // This would fail to compile now:\n    // struct WithoutDebug;\n    // some_func(WithoutDebug);\n}\n```\n\nRust only looks at the signature of the called function, as such it must\nalready specify all requirements that will be used for every type parameter.\n"},"level":"error","spans":[{"file_name":"src/main.rs","byte_start":756,"byte_end":769,"line_start":23,"line_end":23,"column_start":40,"column_end":53,"is_primary":true,"text":[{"text":"    let ephemeral_pk = PublicKey::from(&ephemeral_sk);","highlight_start":40,"highlight_end":53}],"label":"the trait `From<&SecretKey<Secp256k1>>` is not implemented for `k256::elliptic_curve::PublicKey<Secp256k1>`","suggested_replacement":null,"suggestion_applicability":null,"expansion":null},{"file_name":"src/main.rs","byte_start":740,"byte_end":755,"line_start":23,"line_end":23,"column_start":24,"column_end":39,"is_primary":false,"text":[{"text":"    let ephemeral_pk = PublicKey::from(&ephemeral_sk);","highlight_start":24,"highlight_end":39}],"label":"required by a bound introduced by this call","suggested_replacement":null,"suggestion_applicability":null,"expansion":null}],"children":[{"message":"the following other types implement trait `From<T>`:\n  <k256::elliptic_curve::PublicKey<Secp256k1> as From<&VerifyingKey>>\n  <k256::elliptic_curve::PublicKey<Secp256k1> as From<VerifyingKey>>","code":null,"level":"help","spans":[],"children":[],"rendered":null}],"rendered":"\u001b[0m\u001b[1m\u001b[38;5;9merror[E0277]\u001b[0m\u001b[0m\u001b[1m: the trait bound `k256::elliptic_curve::PublicKey<Secp256k1>: From<&SecretKey<Secp256k1>>` is not satisfied\u001b[0m\n\u001b[0m  \u001b[0m\u001b[0m\u001b[1m\u001b[38;5;12m--> \u001b[0m\u001b[0msrc/main.rs:23:40\u001b[0m\n\u001b[0m   \u001b[0m\u001b[0m\u001b[1m\u001b[38;5;12m|\u001b[0m\n\u001b[0m\u001b[1m\u001b[38;5;12m23\u001b[0m\u001b[0m \u001b[0m\u001b[0m\u001b[1m\u001b[38;5;12m|\u001b[0m\u001b[0m \u001b[0m\u001b[0m    let ephemeral_pk = PublicKey::from(&ephemeral_sk);\u001b[0m\n\u001b[0m   \u001b[0m\u001b[0m\u001b[1m\u001b[38;5;12m| \u001b[0m\u001b[0m                       \u001b[0m\u001b[0m\u001b[1m\u001b[38;5;12m---------------\u001b[0m\u001b[0m \u001b[0m\u001b[0m\u001b[1m\u001b[38;5;9m^^^^^^^^^^^^^\u001b[0m\u001b[0m \u001b[0m\u001b[0m\u001b[1m\u001b[38;5;9mthe trait `From<&SecretKey<Secp256k1>>` is not implemented for `k256::elliptic_curve::PublicKey<Secp256k1>`\u001b[0m\n\u001b[0m   \u001b[0m\u001b[0m\u001b[1m\u001b[38;5;12m| \u001b[0m\u001b[0m                       \u001b[0m\u001b[0m\u001b[1m\u001b[38;5;12m|\u001b[0m\n\u001b[0m   \u001b[0m\u001b[0m\u001b[1m\u001b[38;5;12m| \u001b[0m\u001b[0m                       \u001b[0m\u001b[0m\u001b[1m\u001b[38;5;12mrequired by a bound introduced by this call\u001b[0m\n\u001b[0m   \u001b[0m\u001b[0m\u001b[1m\u001b[38;5;12m|\u001b[0m\n\u001b[0m   \u001b[0m\u001b[0m\u001b[1m\u001b[38;5;12m= \u001b[0m\u001b[0m\u001b[1mhelp\u001b[0m\u001b[0m: the following other types implement trait `From<T>`:\u001b[0m\n\u001b[0m             <k256::elliptic_curve::PublicKey<Secp256k1> as From<&VerifyingKey>>\u001b[0m\n\u001b[0m             <k256::elliptic_curve::PublicKey<Secp256k1> as From<VerifyingKey>>\u001b[0m\n\n"}
{"message":"no method named `as_projective` found for reference `&k256::elliptic_curve::PublicKey<Secp256k1>` in the current scope","code":{"code":"E0599","explanation":"This error occurs when a method is used on a type which doesn't implement it:\n\nErroneous code example:\n\n```compile_fail,E0599\nstruct Mouth;\n\nlet x = Mouth;\nx.chocolate(); // error: no method named `chocolate` found for type `Mouth`\n               //        in the current scope\n```\n\nIn this case, you need to implement the `chocolate` method to fix the error:\n\n```\nstruct Mouth;\n\nimpl Mouth {\n    fn chocolate(&self) { // We implement the `chocolate` method here.\n        println!(\"Hmmm! I love chocolate!\");\n    }\n}\n\nlet x = Mouth;\nx.chocolate(); // ok!\n```\n"},"level":"error","spans":[{"file_name":"src/main.rs","byte_start":799,"byte_end":812,"line_start":24,"line_end":24,"column_start":28,"column_end":41,"is_primary":true,"text":[{"text":"    let shared_secret = pk.as_projective() * ephemeral_sk.to_secret_scalar();","highlight_start":28,"highlight_end":41}],"label":null,"suggested_replacement":null,"suggestion_applicability":null,"expansion":null}],"children":[{"message":"there is a method with a similar name","code":null,"level":"help","spans":[{"file_name":"src/main.rs","byte_start":799,"byte_end":812,"line_start":24,"line_end":24,"column_start":28,"column_end":41,"is_primary":true,"text":[{"text":"    let shared_secret = pk.as_projective() * ephemeral_sk.to_secret_scalar();","highlight_start":28,"highlight_end":41}],"label":null,"suggested_replacement":"to_projective","suggestion_applicability":"MaybeIncorrect","expansion":null}],"children":[],"rendered":null}],"rendered":"\u001b[0m\u001b[1m\u001b[38;5;9merror[E0599]\u001b[0m\u001b[0m\u001b[1m: no method named `as_projective` found for reference `&k256::elliptic_curve::PublicKey<Secp256k1>` in the current scope\u001b[0m\n\u001b[0m  \u001b[0m\u001b[0m\u001b[1m\u001b[38;5;12m--> \u001b[0m\u001b[0msrc/main.rs:24:28\u001b[0m\n\u001b[0m   \u001b[0m\u001b[0m\u001b[1m\u001b[38;5;12m|\u001b[0m\n\u001b[0m\u001b[1m\u001b[38;5;12m24\u001b[0m\u001b[0m \u001b[0m\u001b[0m\u001b[1m\u001b[38;5;12m|\u001b[0m\u001b[0m \u001b[0m\u001b[0m    let shared_secret = pk.as_projective() * ephemeral_sk.to_secret_scalar();\u001b[0m\n\u001b[0m   \u001b[0m\u001b[0m\u001b[1m\u001b[38;5;12m| \u001b[0m\u001b[0m                           \u001b[0m\u001b[0m\u001b[1m\u001b[38;5;9m^^^^^^^^^^^^^\u001b[0m\u001b[0m \u001b[0m\u001b[0m\u001b[1m\u001b[38;5;9mhelp: there is a method with a similar name: `to_projective`\u001b[0m\n\n"}
{"message":"no method named `to_secret_scalar` found for struct `SecretKey` in the current scope","code":{"code":"E0599","explanation":"This error occurs when a method is used on a type which doesn't implement it:\n\nErroneous code example:\n\n```compile_fail,E0599\nstruct Mouth;\n\nlet x = Mouth;\nx.chocolate(); // error: no method named `chocolate` found for type `Mouth`\n               //        in the current scope\n```\n\nIn this case, you need to implement the `chocolate` method to fix the error:\n\n```\nstruct Mouth;\n\nimpl Mouth {\n    fn chocolate(&self) { // We implement the `chocolate` method here.\n        println!(\"Hmmm! I love chocolate!\");\n    }\n}\n\nlet x = Mouth;\nx.chocolate(); // ok!\n```\n"},"level":"error","spans":[{"file_name":"src/main.rs","byte_start":830,"byte_end":846,"line_start":24,"line_end":24,"column_start":59,"column_end":75,"is_primary":true,"text":[{"text":"    let shared_secret = pk.as_projective() * ephemeral_sk.to_secret_scalar();","highlight_start":59,"highlight_end":75}],"label":"method not found in `SecretKey<Secp256k1>`","suggested_replacement":null,"suggestion_applicability":null,"expansion":null}],"children":[],"rendered":"\u001b[0m\u001b[1m\u001b[38;5;9merror[E0599]\u001b[0m\u001b[0m\u001b[1m: no method named `to_secret_scalar` found for struct `SecretKey` in the current scope\u001b[0m\n\u001b[0m  \u001b[0m\u001b[0m\u001b[1m\u001b[38;5;12m--> \u001b[0m\u001b[0msrc/main.rs:24:59\u001b[0m\n\u001b[0m   \u001b[0m\u001b[0m\u001b[1m\u001b[38;5;12m|\u001b[0m\n\u001b[0m\u001b[1m\u001b[38;5;12m24\u001b[0m\u001b[0m \u001b[0m\u001b[0m\u001b[1m\u001b[38;5;12m|\u001b[0m\u001b[0m \u001b[0m\u001b[0m    let shared_secret = pk.as_projective() * ephemeral_sk.to_secret_scalar();\u001b[0m\n\u001b[0m   \u001b[0m\u001b[0m\u001b[1m\u001b[38;5;12m| \u001b[0m\u001b[0m                                                          \u001b[0m\u001b[0m\u001b[1m\u001b[38;5;9m^^^^^^^^^^^^^^^^\u001b[0m\u001b[0m \u001b[0m\u001b[0m\u001b[1m\u001b[38;5;9mmethod not found in `SecretKey<Secp256k1>`\u001b[0m\n\n"}
{"message":"no method named `to_secret_scalar` found for reference `&SecretKey<Secp256k1>` in the current scope","code":{"code":"E0599","explanation":"This error occurs when a method is used on a type which doesn't implement it:\n\nErroneous code example:\n\n```compile_fail,E0599\nstruct Mouth;\n\nlet x = Mouth;\nx.chocolate(); // error: no method named `chocolate` found for type `Mouth`\n               //        in the current scope\n```\n\nIn this case, you need to implement the `chocolate` method to fix the error:\n\n```\nstruct Mouth;\n\nimpl Mouth {\n    fn chocolate(&self) { // We implement the `chocolate` method here.\n        println!(\"Hmmm! I love chocolate!\");\n    }\n}\n\nlet x = Mouth;\nx.chocolate(); // ok!\n```\n"},"level":"error","spans":[{"file_name":"src/main.rs","byte_start":1278,"byte_end":1294,"line_start":34,"line_end":34,"column_start":43,"column_end":59,"is_primary":true,"text":[{"text":"    let shared_secret = ephemeral_pk * sk.to_secret_scalar();","highlight_start":43,"highlight_end":59}],"label":"method not found in `&SecretKey<Secp256k1>`","suggested_replacement":null,"suggestion_applicability":null,"expansion":null}],"children":[],"rendered":"\u001b[0m\u001b[1m\u001b[38;5;9merror[E0599]\u001b[0m\u001b[0m\u001b[1m: no method named `to_secret_scalar` found for reference `&SecretKey<Secp256k1>` in the current scope\u001b[0m\n\u001b[0m  \u001b[0m\u001b[0m\u001b[1m\u001b[38;5;12m--> \u001b[0m\u001b[0msrc/main.rs:34:43\u001b[0m\n\u001b[0m   \u001b[0m\u001b[0m\u001b[1m\u001b[38;5;12m|\u001b[0m\n\u001b[0m\u001b[1m\u001b[38;5;12m34\u001b[0m\u001b[0m \u001b[0m\u001b[0m\u001b[1m\u001b[38;5;12m|\u001b[0m\u001b[0m \u001b[0m\u001b[0m    let shared_secret = ephemeral_pk * sk.to_secret_scalar();\u001b[0m\n\u001b[0m   \u001b[0m\u001b[0m\u001b[1m\u001b[38;5;12m| \u001b[0m\u001b[0m                                          \u001b[0m\u001b[0m\u001b[1m\u001b[38;5;9m^^^^^^^^^^^^^^^^\u001b[0m\u001b[0m \u001b[0m\u001b[0m\u001b[1m\u001b[38;5;9mmethod not found in `&SecretKey<Secp256k1>`\u001b[0m\n\n"}
{"message":"no method named `to_bytes` found for struct `ProjectivePoint` in the current scope","code":{"code":"E0599","explanation":"This error occurs when a method is used on a type which doesn't implement it:\n\nErroneous code example:\n\n```compile_fail,E0599\nstruct Mouth;\n\nlet x = Mouth;\nx.chocolate(); // error: no method named `chocolate` found for type `Mouth`\n               //        in the current scope\n```\n\nIn this case, you need to implement the `chocolate` method to fix the error:\n\n```\nstruct Mouth;\n\nimpl Mouth {\n    fn chocolate(&self) { // We implement the `chocolate` method here.\n        println!(\"Hmmm! I love chocolate!\");\n    }\n}\n\nlet x = Mouth;\nx.chocolate(); // ok!\n```\n"},"level":"error","spans":[{"file_name":"src/main.rs","byte_start":1335,"byte_end":1343,"line_start":36,"line_end":36,"column_start":37,"column_end":45,"is_primary":true,"text":[{"text":"    let mut xor_key = shared_secret.to_bytes().to_vec();","highlight_start":37,"highlight_end":45}],"label":"method not found in `ProjectivePoint`","suggested_replacement":null,"suggestion_applicability":null,"expansion":null},{"file_name":"/home/asus/.cargo/registry/src/github.com-1ecc6299db9ec823/group-0.13.0/src/lib.rs","byte_start":5198,"byte_end":5206,"line_start":152,"line_end":152,"column_start":8,"column_end":16,"is_primary":false,"text":[{"text":"    fn to_bytes(&self) -> Self::Repr;","highlight_start":8,"highlight_end":16}],"label":"the method is available for `ProjectivePoint` here","suggested_replacement":null,"suggestion_applicability":null,"expansion":null}],"children":[{"message":"items from traits can only be used if the trait is in scope","code":null,"level":"help","spans":[],"children":[],"rendered":null},{"message":"the following trait is implemented but not in scope; perhaps add a `use` for it:","code":null,"level":"help","spans":[{"file_name":"src/main.rs","byte_start":0,"byte_end":0,"line_start":1,"line_end":1,"column_start":1,"column_end":1,"is_primary":true,"text":[],"label":null,"suggested_replacement":"use k256::elliptic_curve::group::GroupEncoding;\n","suggestion_applicability":"MaybeIncorrect","expansion":null}],"children":[],"rendered":null}],"rendered":"\u001b[0m\u001b[1m\u001b[38;5;9merror[E0599]\u001b[0m\u001b[0m\u001b[1m: no method named `to_bytes` found for struct `ProjectivePoint` in the current scope\u001b[0m\n\u001b[0m   \u001b[0m\u001b[0m\u001b[1m\u001b[38;5;12m--> \u001b[0m\u001b[0msrc/main.rs:36:37\u001b[0m\n\u001b[0m    \u001b[0m\u001b[0m\u001b[1m\u001b[38;5;12m|\u001b[0m\n\u001b[0m\u001b[1m\u001b[38;5;12m36\u001b[0m\u001b[0m  \u001b[0m\u001b[0m\u001b[1m\u001b[38;5;12m|\u001b[0m\u001b[0m \u001b[0m\u001b[0m    let mut xor_key = shared_secret.to_bytes().to_vec();\u001b[0m\n\u001b[0m    \u001b[0m\u001b[0m\u001b[1m\u001b[38;5;12m| \u001b[0m\u001b[0m                                    \u001b[0m\u001b[0m\u001b[1m\u001b[38;5;9m^^^^^^^^\u001b[0m\u001b[0m \u001b[0m\u001b[0m\u001b[1m\u001b[38;5;9mmethod not found in `ProjectivePoint`\u001b[0m\n\u001b[0m    \u001b[0m\u001b[0m\u001b[1m\u001b[38;5;12m|\u001b[0m\n\u001b[0m   \u001b[0m\u001b[0m\u001b[1m\u001b[38;5;12m::: \u001b[0m\u001b[0m/home/asus/.cargo/registry/src/github.com-1ecc6299db9ec823/group-0.13.0/src/lib.rs:152:8\u001b[0m\n\u001b[0m    \u001b[0m\u001b[0m\u001b[1m\u001b[38;5;12m|\u001b[0m\n\u001b[0m\u001b[1m\u001b[38;5;12m152\u001b[0m\u001b[0m \u001b[0m\u001b[0m\u001b[1m\u001b[38;5;12m|\u001b[0m\u001b[0m \u001b[0m\u001b[0m    fn to_bytes(&self) -> Self::Repr;\u001b[0m\n\u001b[0m    \u001b[0m\u001b[0m\u001b[1m\u001b[38;5;12m| \u001b[0m\u001b[0m       \u001b[0m\u001b[0m\u001b[1m\u001b[38;5;12m--------\u001b[0m\u001b[0m \u001b[0m\u001b[0m\u001b[1m\u001b[38;5;12mthe method is available for `ProjectivePoint` here\u001b[0m\n\u001b[0m    \u001b[0m\u001b[0m\u001b[1m\u001b[38;5;12m|\u001b[0m\n\u001b[0m    \u001b[0m\u001b[0m\u001b[1m\u001b[38;5;12m= \u001b[0m\u001b[0m\u001b[1mhelp\u001b[0m\u001b[0m: items from traits can only be used if the trait is in scope\u001b[0m\n\u001b[0m\u001b[1m\u001b[38;5;14mhelp\u001b[0m\u001b[0m: the following trait is implemented but not in scope; perhaps add a `use` for it:\u001b[0m\n\u001b[0m    \u001b[0m\u001b[0m\u001b[1m\u001b[38;5;12m|\u001b[0m\n\u001b[0m\u001b[1m\u001b[38;5;12m1\u001b[0m\u001b[0m   \u001b[0m\u001b[0m\u001b[1m\u001b[38;5;12m| \u001b[0m\u001b[0m\u001b[38;5;10muse k256::elliptic_curve::group::GroupEncoding;\u001b[0m\n\u001b[0m    \u001b[0m\u001b[0m\u001b[1m\u001b[38;5;12m|\u001b[0m\n\n"}
{"message":"aborting due to 7 previous errors; 1 warning emitted","code":null,"level":"error","spans":[],"children":[],"rendered":"\u001b[0m\u001b[1m\u001b[38;5;9merror\u001b[0m\u001b[0m\u001b[1m: aborting due to 7 previous errors; 1 warning emitted\u001b[0m\n\n"}
{"message":"Some errors have detailed explanations: E0277, E0432, E0599.","code":null,"level":"failure-note","spans":[],"children":[],"rendered":"\u001b[0m\u001b[1mSome errors have detailed explanations: E0277, E0432, E0599.\u001b[0m\n"}
{"message":"For more information about an error, try `rustc --explain E0277`.","code":null,"level":"failure-note","spans":[],"children":[],"rendered":"\u001b[0m\u001b[1mFor more information about an error, try `rustc --explain E0277`.\u001b[0m\n"}
